<?xml version="1.0" encoding="UTF-8"?>
<!-- Generated by org.testng.reporters.JUnitReportReporter -->
<testsuite hostname="LAPTOP-SO7U3JNL" failures="0" tests="1" name="com.crm.SDET2526Practice.ReadDataFromCmdTest" time="0.005" errors="0" timestamp="2021-12-11T08:09:44 IST" skipped="0">
  <testcase classname="com.crm.SDET2526Practice.ReadDataFromCmdTest" name="read" time="0.005"/>
  <system-out/>
</testsuite> <!-- com.crm.SDET2526Practice.ReadDataFromCmdTest -->
