<?xml version="1.0" encoding="UTF-8"?>
<!-- Generated by org.testng.reporters.JUnitReportReporter -->
<testsuite hostname="LAPTOP-SO7U3JNL" failures="0" tests="1" name="com.crm.SDET2526Practice.NewTest" time="0.006" errors="0" timestamp="2021-12-13T14:39:53 IST" skipped="0">
  <testcase classname="com.crm.SDET2526Practice.NewTest" name="batch" time="0.006"/>
  <system-out/>
</testsuite> <!-- com.crm.SDET2526Practice.NewTest -->
